<?xml version="1.0" encoding="UTF-8"?>
<!-- Generated by org.testng.reporters.JUnitXMLReporter -->
<testsuite hostname="MAVBCP3528" ignored="0" name="Default test" tests="4" failures="0" timestamp="2021-10-16T12:35:25 IST" time="31.869" errors="0">
  <testcase name="click_on_logs_button" time="5.945" classname="com.testng.examples.SearchDelete"/>
  <testcase name="search_product" time="10.042" classname="com.testng.examples.SearchDelete"/>
  <testcase name="delete_product" time="6.259" classname="com.testng.examples.SearchDelete"/>
  <testcase name="close_brows" time="1.314" classname="com.testng.examples.SearchDelete"/>
</testsuite> <!-- Default test -->
