<?xml version="1.0" encoding="UTF-8"?>
<testng-results skipped="0" failed="0" ignored="0" total="1" passed="1">
  <reporter-output>
  </reporter-output>
  <suite name="SampleSuite2" duration-ms="8571" started-at="2021-10-16T11:59:38 IST" finished-at="2021-10-16T11:59:47 IST">
    <groups>
    </groups>
    <test name="SampleTest" duration-ms="8571" started-at="2021-10-16T11:59:38 IST" finished-at="2021-10-16T11:59:47 IST">
      <class name="com.testng.examples.SearchDelete">
        <test-method status="PASS" signature="user_search_Google_webapp()[pri:0, instance:com.testng.examples.SearchDelete@69a3d1d]" name="user_search_Google_webapp" duration-ms="8519" started-at="2021-10-16T11:59:38 IST" finished-at="2021-10-16T11:59:47 IST">
          <reporter-output>
          </reporter-output>
        </test-method> <!-- user_search_Google_webapp -->
      </class> <!-- com.testng.examples.SearchDelete -->
    </test> <!-- SampleTest -->
  </suite> <!-- SampleSuite2 -->
</testng-results>
